[2025-12-04 09:13:58] [INFO] Running module: recon/os_detection
2025-12-04 09:13:58,589 [INFO] Running module: recon/os_detection
[2025-12-04 09:13:58] [INFO] Module os_detection completed successfully
2025-12-04 09:13:58,591 [INFO] Module os_detection completed successfully
[2025-12-04 09:15:36] [DEBUG] Background cleanup completed
[2025-12-04 09:20:36] [DEBUG] Background cleanup completed
[2025-12-04 09:25:36] [DEBUG] Background cleanup completed
[2025-12-04 09:30:36] [DEBUG] Background cleanup completed
[2025-12-04 09:35:36] [DEBUG] Background cleanup completed
[2025-12-04 09:40:36] [DEBUG] Background cleanup completed
[2025-12-04 09:45:36] [DEBUG] Background cleanup completed
[2025-12-04 09:50:36] [DEBUG] Background cleanup completed
[2025-12-04 09:55:36] [DEBUG] Background cleanup completed
[2025-12-04 10:00:36] [DEBUG] Background cleanup completed
[2025-12-04 10:05:36] [DEBUG] Background cleanup completed
[2025-12-04 10:10:36] [DEBUG] Background cleanup completed
[2025-12-04 10:15:36] [DEBUG] Background cleanup completed
[2025-12-04 10:20:36] [DEBUG] Background cleanup completed
[2025-12-04 10:25:36] [DEBUG] Background cleanup completed
[2025-12-04 10:30:36] [DEBUG] Background cleanup completed
[2025-12-04 10:35:36] [DEBUG] Background cleanup completed
[2025-12-04 10:40:36] [DEBUG] Background cleanup completed
[2025-12-04 10:45:36] [DEBUG] Background cleanup completed
[2025-12-04 10:50:36] [DEBUG] Background cleanup completed
[2025-12-04 10:55:36] [DEBUG] Background cleanup completed
[2025-12-04 11:00:36] [DEBUG] Background cleanup completed
[2025-12-04 11:05:36] [DEBUG] Background cleanup completed
[2025-12-04 11:10:36] [DEBUG] Background cleanup completed
[2025-12-04 11:15:36] [DEBUG] Background cleanup completed
[2025-12-04 11:20:36] [DEBUG] Background cleanup completed
[2025-12-04 11:25:36] [DEBUG] Background cleanup completed
[2025-12-04 11:30:36] [DEBUG] Background cleanup completed
[2025-12-04 11:35:36] [DEBUG] Background cleanup completed
[2025-12-04 11:40:36] [DEBUG] Background cleanup completed
[2025-12-04 11:45:36] [DEBUG] Background cleanup completed
[2025-12-04 11:50:36] [DEBUG] Background cleanup completed
[2025-12-04 11:55:36] [DEBUG] Background cleanup completed
[2025-12-04 12:00:36] [DEBUG] Background cleanup completed
[2025-12-04 12:05:36] [DEBUG] Background cleanup completed
[2025-12-04 12:10:36] [DEBUG] Background cleanup completed
[2025-12-04 12:15:36] [DEBUG] Background cleanup completed
[2025-12-04 12:20:36] [DEBUG] Background cleanup completed
[2025-12-04 12:25:36] [DEBUG] Background cleanup completed
[2025-12-04 12:30:36] [DEBUG] Background cleanup completed
[2025-12-04 12:35:36] [DEBUG] Background cleanup completed
[2025-12-04 12:40:36] [DEBUG] Background cleanup completed
[2025-12-04 12:45:36] [DEBUG] Background cleanup completed
[2025-12-04 12:50:36] [DEBUG] Background cleanup completed
[2025-12-04 12:55:36] [DEBUG] Background cleanup completed
[2025-12-04 13:00:36] [DEBUG] Background cleanup completed
[2025-12-04 13:05:36] [DEBUG] Background cleanup completed
[2025-12-04 13:10:36] [DEBUG] Background cleanup completed
[2025-12-04 13:15:36] [DEBUG] Background cleanup completed
[2025-12-04 13:20:36] [DEBUG] Background cleanup completed
[2025-12-04 13:25:36] [DEBUG] Background cleanup completed
[2025-12-04 13:30:36] [DEBUG] Background cleanup completed
[2025-12-04 13:35:36] [DEBUG] Background cleanup completed
[2025-12-04 13:40:36] [DEBUG] Background cleanup completed
[2025-12-04 13:45:36] [DEBUG] Background cleanup completed
[2025-12-04 13:50:36] [DEBUG] Background cleanup completed
[2025-12-04 13:55:36] [DEBUG] Background cleanup completed
[2025-12-04 14:00:36] [DEBUG] Background cleanup completed
[2025-12-04 14:05:36] [DEBUG] Background cleanup completed
[2025-12-04 14:10:36] [DEBUG] Background cleanup completed
[2025-12-04 14:15:36] [DEBUG] Background cleanup completed
[2025-12-04 14:20:36] [DEBUG] Background cleanup completed
[2025-12-04 14:25:36] [DEBUG] Background cleanup completed
[2025-12-04 14:30:36] [DEBUG] Background cleanup completed
[2025-12-04 14:35:36] [DEBUG] Background cleanup completed
[2025-12-04 14:40:36] [DEBUG] Background cleanup completed
[2025-12-04 14:45:36] [DEBUG] Background cleanup completed
[2025-12-04 14:50:36] [DEBUG] Background cleanup completed
[2025-12-04 14:55:36] [DEBUG] Background cleanup completed
[2025-12-04 15:00:36] [DEBUG] Background cleanup completed
[2025-12-04 15:05:36] [DEBUG] Background cleanup completed
[2025-12-04 15:10:36] [DEBUG] Background cleanup completed
[2025-12-04 15:15:36] [DEBUG] Background cleanup completed
