[2025-12-05 14:59:19] [DEBUG] Background cleanup completed
[2025-12-05 15:04:19] [DEBUG] Background cleanup completed
[2025-12-05 15:05:35] [INFO] Running module: password/hash_cracker
2025-12-05 15:05:35,075 [INFO] Running module: password/hash_cracker
[2025-12-05 15:05:38] [INFO] Module hash_cracker completed successfully
2025-12-05 15:05:38,161 [INFO] Module hash_cracker completed successfully
[2025-12-05 15:06:19] [INFO] Running module: password/hash_cracker
2025-12-05 15:06:19,172 [INFO] Running module: password/hash_cracker
[2025-12-05 15:06:48] [INFO] Module hash_cracker completed successfully
2025-12-05 15:06:48,715 [INFO] Module hash_cracker completed successfully
[2025-12-05 15:07:22] [INFO] Running module: password/hash_cracker
2025-12-05 15:07:22,761 [INFO] Running module: password/hash_cracker
[2025-12-05 15:07:25] [INFO] Module hash_cracker completed successfully
2025-12-05 15:07:25,932 [INFO] Module hash_cracker completed successfully
[2025-12-05 15:09:19] [DEBUG] Background cleanup completed
[2025-12-05 15:09:47] [INFO] Running module: password/hash_cracker
2025-12-05 15:09:47,694 [INFO] Running module: password/hash_cracker
[2025-12-05 15:09:47] [INFO] Module hash_cracker completed successfully
2025-12-05 15:09:47,728 [INFO] Module hash_cracker completed successfully
[2025-12-05 15:10:36] [INFO] Running module: password/hash_cracker
2025-12-05 15:10:36,359 [INFO] Running module: password/hash_cracker
[2025-12-05 15:10:38] [SUCCESS] Hash cracked: 9450476b384b32d8ad8b758e76c98a69 -> hola123
2025-12-05 15:10:38,807 [INFO] Hash cracked: 9450476b384b32d8ad8b758e76c98a69 -> hola123
[2025-12-05 15:10:39] [INFO] Module hash_cracker completed successfully
2025-12-05 15:10:39,034 [INFO] Module hash_cracker completed successfully
[2025-12-05 15:12:22] [INFO] Running module: password/hash_cracker
2025-12-05 15:12:22,080 [INFO] Running module: password/hash_cracker
[2025-12-05 15:12:42] [INFO] Module hash_cracker completed successfully
2025-12-05 15:12:42,859 [INFO] Module hash_cracker completed successfully
[2025-12-05 15:13:06] [INFO] Running module: password/hash_cracker
2025-12-05 15:13:06,354 [INFO] Running module: password/hash_cracker
[2025-12-05 15:13:09] [INFO] Module hash_cracker completed successfully
2025-12-05 15:13:09,020 [INFO] Module hash_cracker completed successfully
[2025-12-05 15:14:00] [INFO] Running module: password/hash_cracker
2025-12-05 15:14:00,207 [INFO] Running module: password/hash_cracker
[2025-12-05 15:14:02] [INFO] Module hash_cracker completed successfully
2025-12-05 15:14:02,044 [INFO] Module hash_cracker completed successfully
[2025-12-05 15:14:19] [DEBUG] Background cleanup completed
[2025-12-05 15:17:08] [INFO] Running module: password/hash_cracker
2025-12-05 15:17:08,420 [INFO] Running module: password/hash_cracker
[2025-12-05 15:17:28] [INFO] Module hash_cracker completed successfully
2025-12-05 15:17:28,869 [INFO] Module hash_cracker completed successfully
